Copyright 1986-2020 Xilinx, Inc. All Rights Reserved.
------------------------------------------------------------------------------------
| Tool Version : Vivado v.2020.2 (win64) Build 3064766 Wed Nov 18 09:12:45 MST 2020
| Date         : Thu Apr 18 15:39:25 2024
| Host         : EEE-R448-31 running 64-bit major release  (build 9200)
| Command      : upgrade_ip
| Device       : xc7z020clg400-1
------------------------------------------------------------------------------------

Upgrade Log for IP 'General_Filter_general_filter_0_0'

1. Summary
----------

SUCCESS in the upgrade of General_Filter_general_filter_0_0 (strath.ac.uk:SysGen:general_filter:1.0) from (Rev. 344356880) to (Rev. 344360260)






Copyright 1986-2020 Xilinx, Inc. All Rights Reserved.
------------------------------------------------------------------------------------
| Tool Version : Vivado v.2020.2 (win64) Build 3064766 Wed Nov 18 09:12:45 MST 2020
| Date         : Thu Apr 18 15:33:50 2024
| Host         : EEE-R448-31 running 64-bit major release  (build 9200)
| Command      : upgrade_ip
| Device       : xc7z020clg400-1
------------------------------------------------------------------------------------

Upgrade Log for IP 'General_Filter_general_filter_0_0'

1. Summary
----------

SUCCESS in the conversion of General_Filter_general_filter_0_0 (strath.ac.uk:SysGen:general_filter:1.0 (Rev. 344356880)) to Vivado generation flows.

