--------------------------------- Version Log ----------------------------------
Version                                 Path
System Generator 2020.2                 C:/Xilinx/Vivado/2020.2
Matlab 9.8.0.1721703 (R2020a) Update 7  C:\MATLABR2020a
Vivado 2020.2                           C:/Xilinx/Vivado/2020.2
--------------------------------------------------------------------------------
Summary of Errors:
Error 0001: Input port 'a' is expected to be Fix_12_8, but is Fix_40_8
     Block: 'General_Filter/DUT/Algorithm/Sobel Edge Filter/Filter Function/Subsystem/Divide9'
Error 0002: Input port 'b' is expected to be Fix_11_0, but is Fix_32_0
     Block: 'General_Filter/DUT/Algorithm/Sobel Edge Filter/Filter Function/Subsystem/Divide9'
--------------------------------------------------------------------------------

Error 0001:

Reported by:
  'General_Filter/DUT/Algorithm/Sobel Edge Filter/Filter Function/Subsystem/Divide9'

Details:
Input port 'a' is expected to be Fix_12_8, but is Fix_40_8
Error occurred during "Rate and Type Error Checking".

--------------------------------------------------------------------------------

Error 0001:

Reported by:
  'General_Filter/DUT/Algorithm/Sobel Edge Filter/Filter Function/Subsystem/Divide9'

Details:
Input port 'b' is expected to be Fix_11_0, but is Fix_32_0
Error occurred during "Rate and Type Error Checking".

--------------------------------------------------------------------------------
