--------------------------------- Version Log ----------------------------------
Version                                 Path
System Generator 2020.2                 C:/Xilinx/Vivado/2020.2
Matlab 9.8.0.1721703 (R2020a) Update 7  C:\MATLABR2020a
Vivado 2020.2                           C:/Xilinx/Vivado/2020.2
--------------------------------------------------------------------------------
Summary of Errors:
Error 0001: ERROR: An error occurred when creating the Vivado project...
     Block: Unspecified
--------------------------------------------------------------------------------

Error 0001:

Reported by:
  Unspecified

Details:
ERROR: An error occurred when creating the Vivado project.
couldn't read file
"C:/Users/qhb21126/Documents/MATLAB/GIT/image_filtering_pynq/Sysgen_Results/sysgen/vivado_ip.tcl":
no such file or directory
INFO: [Common 17-206] Exiting Vivado at Mon Apr 22 13:39:08 2024...
... 

For more information please refer to 'C:/Users/qhb21126/Documents/MATLAB/GIT/image_filtering_pynq/Sysgen_Results/vivado.log'

--------------------------------------------------------------------------------
